<?xml version="1.0" encoding="UTF-8"?>
<!-- Generated by org.testng.reporters.JUnitReportReporter -->
<testsuite hostname="BISWAJIT2000" failures="0" tests="1" name="com.crm.qa.testcases.ContactPageTest" time="0.047" errors="0" timestamp="2023-07-04T00:07:58 IST" skipped="0">
  <testcase classname="com.crm.qa.testcases.ContactPageTest" name="checkContactPage" time="0.047"/>
  <system-out/>
</testsuite> <!-- com.crm.qa.testcases.ContactPageTest -->
