<?xml version="1.0" encoding="UTF-8"?>
<!-- Generated by org.testng.reporters.JUnitReportReporter -->
<testsuite hostname="BISWAJIT2000" failures="0" tests="4" name="com.crm.qa.testcases.HomePageTest" time="6.446" errors="0" timestamp="2023-07-04T00:07:58 IST" skipped="0">
  <testcase classname="com.crm.qa.testcases.HomePageTest" name="verifyUserName" time="0.048"/>
  <system-out/>
  <testcase classname="com.crm.qa.testcases.HomePageTest" name="ClickContactPage" time="2.149"/>
  <system-out/>
  <testcase classname="com.crm.qa.testcases.HomePageTest" name="ClickOnDealsPage" time="2.123"/>
  <system-out/>
  <testcase classname="com.crm.qa.testcases.HomePageTest" name="ClickOnTasksPage" time="2.126"/>
  <system-out/>
</testsuite> <!-- com.crm.qa.testcases.HomePageTest -->
